<?xml version="1.0" encoding="UTF-8"?>
<testsuite name="com.shininghyunho.board.controller.PostApiControllerTest" tests="2" skipped="0" failures="0" errors="0" timestamp="2021-08-24T07:42:47" hostname="HYUNHO-DESKTOP" time="0.248">
  <properties/>
  <testcase name="Posts_등록된다" classname="com.shininghyunho.board.controller.PostApiControllerTest" time="0.223"/>
  <testcase name="Posts_수정된다" classname="com.shininghyunho.board.controller.PostApiControllerTest" time="0.024"/>
  <system-out><![CDATA[2021-08-24 16:42:47.900  INFO 8988 --- [    Test worker] .b.t.c.SpringBootTestContextBootstrapper : Neither @ContextConfiguration nor @ContextHierarchy found for test class [com.shininghyunho.board.controller.PostApiControllerTest], using SpringBootContextLoader
2021-08-24 16:42:47.900  INFO 8988 --- [    Test worker] o.s.t.c.support.AbstractContextLoader    : Could not detect default resource locations for test class [com.shininghyunho.board.controller.PostApiControllerTest]: no resource found for suffixes {-context.xml, Context.groovy}.
2021-08-24 16:42:47.901  INFO 8988 --- [    Test worker] t.c.s.AnnotationConfigContextLoaderUtils : Could not detect default configuration classes for test class [com.shininghyunho.board.controller.PostApiControllerTest]: PostApiControllerTest does not declare any static, non-private, non-final, nested classes annotated with @Configuration.
2021-08-24 16:42:47.902  INFO 8988 --- [    Test worker] .b.t.c.SpringBootTestContextBootstrapper : Found @SpringBootConfiguration com.shininghyunho.board.Application for test class com.shininghyunho.board.controller.PostApiControllerTest
2021-08-24 16:42:47.904  INFO 8988 --- [    Test worker] .b.t.c.SpringBootTestContextBootstrapper : Loaded default TestExecutionListener class names from location [META-INF/spring.factories]: [org.springframework.security.test.context.support.WithSecurityContextTestExecutionListener, org.springframework.security.test.context.support.ReactorContextTestExecutionListener, org.springframework.boot.test.autoconfigure.restdocs.RestDocsTestExecutionListener, org.springframework.boot.test.autoconfigure.web.client.MockRestServiceServerResetTestExecutionListener, org.springframework.boot.test.autoconfigure.web.servlet.MockMvcPrintOnlyOnFailureTestExecutionListener, org.springframework.boot.test.autoconfigure.web.servlet.WebDriverTestExecutionListener, org.springframework.boot.test.mock.mockito.MockitoTestExecutionListener, org.springframework.boot.test.mock.mockito.ResetMocksTestExecutionListener, org.springframework.test.context.web.ServletTestExecutionListener, org.springframework.test.context.support.DirtiesContextBeforeModesTestExecutionListener, org.springframework.test.context.support.DependencyInjectionTestExecutionListener, org.springframework.test.context.support.DirtiesContextTestExecutionListener, org.springframework.test.context.transaction.TransactionalTestExecutionListener, org.springframework.test.context.jdbc.SqlScriptsTestExecutionListener]
2021-08-24 16:42:47.905  INFO 8988 --- [    Test worker] .b.t.c.SpringBootTestContextBootstrapper : Using TestExecutionListeners: [org.springframework.test.context.web.ServletTestExecutionListener@70290f05, org.springframework.test.context.support.DirtiesContextBeforeModesTestExecutionListener@536b0c5b, org.springframework.boot.test.mock.mockito.MockitoTestExecutionListener@2a713141, org.springframework.boot.test.autoconfigure.SpringBootDependencyInjectionTestExecutionListener@1c0ac4c0, org.springframework.test.context.support.DirtiesContextTestExecutionListener@24e3a163, org.springframework.test.context.transaction.TransactionalTestExecutionListener@2f617870, org.springframework.test.context.jdbc.SqlScriptsTestExecutionListener@cb9afe4, org.springframework.security.test.context.support.WithSecurityContextTestExecutionListener@465f5677, org.springframework.security.test.context.support.ReactorContextTestExecutionListener@7f8e0f66, org.springframework.boot.test.autoconfigure.restdocs.RestDocsTestExecutionListener@5b885a1f, org.springframework.boot.test.autoconfigure.web.client.MockRestServiceServerResetTestExecutionListener@1a0f0805, org.springframework.boot.test.autoconfigure.web.servlet.MockMvcPrintOnlyOnFailureTestExecutionListener@265f19dd, org.springframework.boot.test.autoconfigure.web.servlet.WebDriverTestExecutionListener@29a5d74f, org.springframework.boot.test.mock.mockito.ResetMocksTestExecutionListener@306428c6]
2021-08-24 16:42:47.925  INFO 8988 --- [    Test worker] o.a.c.c.C.[Tomcat].[localhost].[/]       : Initializing Spring TestDispatcherServlet ''
2021-08-24 16:42:47.925  INFO 8988 --- [    Test worker] o.s.t.web.servlet.TestDispatcherServlet  : Initializing Servlet ''
2021-08-24 16:42:47.927  INFO 8988 --- [    Test worker] o.s.t.web.servlet.TestDispatcherServlet  : Completed initialization in 2 ms
Hibernate: insert into posts (created_date, modified_date, author, content, title) values (?, ?, ?, ?, ?)
Hibernate: select posts0_.id as id1_0_, posts0_.created_date as created_2_0_, posts0_.modified_date as modified3_0_, posts0_.author as author4_0_, posts0_.content as content5_0_, posts0_.title as title6_0_ from posts posts0_
Hibernate: select posts0_.id as id1_0_, posts0_.created_date as created_2_0_, posts0_.modified_date as modified3_0_, posts0_.author as author4_0_, posts0_.content as content5_0_, posts0_.title as title6_0_ from posts posts0_
Hibernate: delete from posts where id=?
2021-08-24 16:42:48.134  INFO 8988 --- [    Test worker] o.a.c.c.C.[Tomcat].[localhost].[/]       : Initializing Spring TestDispatcherServlet ''
2021-08-24 16:42:48.134  INFO 8988 --- [    Test worker] o.s.t.web.servlet.TestDispatcherServlet  : Initializing Servlet ''
2021-08-24 16:42:48.135  INFO 8988 --- [    Test worker] o.s.t.web.servlet.TestDispatcherServlet  : Completed initialization in 1 ms
Hibernate: insert into posts (created_date, modified_date, author, content, title) values (?, ?, ?, ?, ?)
Hibernate: select posts0_.id as id1_0_0_, posts0_.created_date as created_2_0_0_, posts0_.modified_date as modified3_0_0_, posts0_.author as author4_0_0_, posts0_.content as content5_0_0_, posts0_.title as title6_0_0_ from posts posts0_ where posts0_.id=?
Hibernate: update posts set created_date=?, modified_date=?, author=?, content=?, title=? where id=?
Hibernate: select posts0_.id as id1_0_, posts0_.created_date as created_2_0_, posts0_.modified_date as modified3_0_, posts0_.author as author4_0_, posts0_.content as content5_0_, posts0_.title as title6_0_ from posts posts0_
Hibernate: select posts0_.id as id1_0_, posts0_.created_date as created_2_0_, posts0_.modified_date as modified3_0_, posts0_.author as author4_0_, posts0_.content as content5_0_, posts0_.title as title6_0_ from posts posts0_
Hibernate: delete from posts where id=?
]]></system-out>
  <system-err><![CDATA[]]></system-err>
</testsuite>
