<?xml version="1.0" encoding="UTF-8"?>
<testsuite name="com.shininghyunho.board.controller.UserApiControllerTest" tests="1" skipped="0" failures="0" errors="0" timestamp="2021-08-24T07:42:48" hostname="HYUNHO-DESKTOP" time="0.044">
  <properties/>
  <testcase name="User_수정된다" classname="com.shininghyunho.board.controller.UserApiControllerTest" time="0.044"/>
  <system-out><![CDATA[2021-08-24 16:42:48.180  INFO 8988 --- [    Test worker] .b.t.c.SpringBootTestContextBootstrapper : Neither @ContextConfiguration nor @ContextHierarchy found for test class [com.shininghyunho.board.controller.UserApiControllerTest], using SpringBootContextLoader
2021-08-24 16:42:48.186  INFO 8988 --- [    Test worker] o.s.t.c.support.AbstractContextLoader    : Could not detect default resource locations for test class [com.shininghyunho.board.controller.UserApiControllerTest]: no resource found for suffixes {-context.xml, Context.groovy}.
2021-08-24 16:42:48.188  INFO 8988 --- [    Test worker] t.c.s.AnnotationConfigContextLoaderUtils : Could not detect default configuration classes for test class [com.shininghyunho.board.controller.UserApiControllerTest]: UserApiControllerTest does not declare any static, non-private, non-final, nested classes annotated with @Configuration.
2021-08-24 16:42:48.189  INFO 8988 --- [    Test worker] .b.t.c.SpringBootTestContextBootstrapper : Found @SpringBootConfiguration com.shininghyunho.board.Application for test class com.shininghyunho.board.controller.UserApiControllerTest
2021-08-24 16:42:48.190  INFO 8988 --- [    Test worker] .b.t.c.SpringBootTestContextBootstrapper : Loaded default TestExecutionListener class names from location [META-INF/spring.factories]: [org.springframework.security.test.context.support.WithSecurityContextTestExecutionListener, org.springframework.security.test.context.support.ReactorContextTestExecutionListener, org.springframework.boot.test.autoconfigure.restdocs.RestDocsTestExecutionListener, org.springframework.boot.test.autoconfigure.web.client.MockRestServiceServerResetTestExecutionListener, org.springframework.boot.test.autoconfigure.web.servlet.MockMvcPrintOnlyOnFailureTestExecutionListener, org.springframework.boot.test.autoconfigure.web.servlet.WebDriverTestExecutionListener, org.springframework.boot.test.mock.mockito.MockitoTestExecutionListener, org.springframework.boot.test.mock.mockito.ResetMocksTestExecutionListener, org.springframework.test.context.web.ServletTestExecutionListener, org.springframework.test.context.support.DirtiesContextBeforeModesTestExecutionListener, org.springframework.test.context.support.DependencyInjectionTestExecutionListener, org.springframework.test.context.support.DirtiesContextTestExecutionListener, org.springframework.test.context.transaction.TransactionalTestExecutionListener, org.springframework.test.context.jdbc.SqlScriptsTestExecutionListener]
2021-08-24 16:42:48.191  INFO 8988 --- [    Test worker] .b.t.c.SpringBootTestContextBootstrapper : Using TestExecutionListeners: [org.springframework.test.context.web.ServletTestExecutionListener@29c1684f, org.springframework.test.context.support.DirtiesContextBeforeModesTestExecutionListener@6b0171e2, org.springframework.boot.test.mock.mockito.MockitoTestExecutionListener@12e6203a, org.springframework.boot.test.autoconfigure.SpringBootDependencyInjectionTestExecutionListener@7ad33d81, org.springframework.test.context.support.DirtiesContextTestExecutionListener@5872b184, org.springframework.test.context.transaction.TransactionalTestExecutionListener@381c4509, org.springframework.test.context.jdbc.SqlScriptsTestExecutionListener@1bd855c0, org.springframework.security.test.context.support.WithSecurityContextTestExecutionListener@78845c0f, org.springframework.security.test.context.support.ReactorContextTestExecutionListener@35373c0a, org.springframework.boot.test.autoconfigure.restdocs.RestDocsTestExecutionListener@6fd903a8, org.springframework.boot.test.autoconfigure.web.client.MockRestServiceServerResetTestExecutionListener@36763dc6, org.springframework.boot.test.autoconfigure.web.servlet.MockMvcPrintOnlyOnFailureTestExecutionListener@6c487b23, org.springframework.boot.test.autoconfigure.web.servlet.WebDriverTestExecutionListener@6013cdcc, org.springframework.boot.test.mock.mockito.ResetMocksTestExecutionListener@47f05625]
2021-08-24 16:42:48.200  INFO 8988 --- [    Test worker] o.a.c.c.C.[Tomcat].[localhost].[/]       : Initializing Spring TestDispatcherServlet ''
2021-08-24 16:42:48.201  INFO 8988 --- [    Test worker] o.s.t.web.servlet.TestDispatcherServlet  : Initializing Servlet ''
2021-08-24 16:42:48.202  INFO 8988 --- [    Test worker] o.s.t.web.servlet.TestDispatcherServlet  : Completed initialization in 1 ms
Hibernate: insert into user (created_date, modified_date, email, name, picture, role) values (?, ?, ?, ?, ?, ?)
Hibernate: select user0_.id as id1_1_0_, user0_.created_date as created_2_1_0_, user0_.modified_date as modified3_1_0_, user0_.email as email4_1_0_, user0_.name as name5_1_0_, user0_.picture as picture6_1_0_, user0_.role as role7_1_0_ from user user0_ where user0_.id=?
Hibernate: update user set created_date=?, modified_date=?, email=?, name=?, picture=?, role=? where id=?
Hibernate: select user0_.id as id1_1_, user0_.created_date as created_2_1_, user0_.modified_date as modified3_1_, user0_.email as email4_1_, user0_.name as name5_1_, user0_.picture as picture6_1_, user0_.role as role7_1_ from user user0_
Hibernate: select user0_.id as id1_1_, user0_.created_date as created_2_1_, user0_.modified_date as modified3_1_, user0_.email as email4_1_, user0_.name as name5_1_, user0_.picture as picture6_1_, user0_.role as role7_1_ from user user0_
Hibernate: delete from user where id=?
]]></system-out>
  <system-err><![CDATA[]]></system-err>
</testsuite>
