<?xml version="1.0" encoding="UTF-8"?>
<testsuite name="com.shininghyunho.board.controller.ProfileControllerTest" tests="1" skipped="0" failures="0" errors="0" timestamp="2021-08-24T07:42:48" hostname="HYUNHO-DESKTOP" time="0.01">
  <properties/>
  <testcase name="profile은_인증없이_호출된다" classname="com.shininghyunho.board.controller.ProfileControllerTest" time="0.01"/>
  <system-out><![CDATA[2021-08-24 16:42:48.158  INFO 8988 --- [    Test worker] .b.t.c.SpringBootTestContextBootstrapper : Neither @ContextConfiguration nor @ContextHierarchy found for test class [com.shininghyunho.board.controller.ProfileControllerTest], using SpringBootContextLoader
2021-08-24 16:42:48.158  INFO 8988 --- [    Test worker] o.s.t.c.support.AbstractContextLoader    : Could not detect default resource locations for test class [com.shininghyunho.board.controller.ProfileControllerTest]: no resource found for suffixes {-context.xml, Context.groovy}.
2021-08-24 16:42:48.158  INFO 8988 --- [    Test worker] t.c.s.AnnotationConfigContextLoaderUtils : Could not detect default configuration classes for test class [com.shininghyunho.board.controller.ProfileControllerTest]: ProfileControllerTest does not declare any static, non-private, non-final, nested classes annotated with @Configuration.
2021-08-24 16:42:48.159  INFO 8988 --- [    Test worker] .b.t.c.SpringBootTestContextBootstrapper : Found @SpringBootConfiguration com.shininghyunho.board.Application for test class com.shininghyunho.board.controller.ProfileControllerTest
2021-08-24 16:42:48.160  INFO 8988 --- [    Test worker] .b.t.c.SpringBootTestContextBootstrapper : Loaded default TestExecutionListener class names from location [META-INF/spring.factories]: [org.springframework.security.test.context.support.WithSecurityContextTestExecutionListener, org.springframework.security.test.context.support.ReactorContextTestExecutionListener, org.springframework.boot.test.autoconfigure.restdocs.RestDocsTestExecutionListener, org.springframework.boot.test.autoconfigure.web.client.MockRestServiceServerResetTestExecutionListener, org.springframework.boot.test.autoconfigure.web.servlet.MockMvcPrintOnlyOnFailureTestExecutionListener, org.springframework.boot.test.autoconfigure.web.servlet.WebDriverTestExecutionListener, org.springframework.boot.test.mock.mockito.MockitoTestExecutionListener, org.springframework.boot.test.mock.mockito.ResetMocksTestExecutionListener, org.springframework.test.context.web.ServletTestExecutionListener, org.springframework.test.context.support.DirtiesContextBeforeModesTestExecutionListener, org.springframework.test.context.support.DependencyInjectionTestExecutionListener, org.springframework.test.context.support.DirtiesContextTestExecutionListener, org.springframework.test.context.transaction.TransactionalTestExecutionListener, org.springframework.test.context.jdbc.SqlScriptsTestExecutionListener]
2021-08-24 16:42:48.161  INFO 8988 --- [    Test worker] .b.t.c.SpringBootTestContextBootstrapper : Using TestExecutionListeners: [org.springframework.test.context.web.ServletTestExecutionListener@23f9241f, org.springframework.test.context.support.DirtiesContextBeforeModesTestExecutionListener@63221c9f, org.springframework.boot.test.mock.mockito.MockitoTestExecutionListener@6a3e250d, org.springframework.boot.test.autoconfigure.SpringBootDependencyInjectionTestExecutionListener@409f2034, org.springframework.test.context.support.DirtiesContextTestExecutionListener@2a2c2de4, org.springframework.test.context.transaction.TransactionalTestExecutionListener@59190ada, org.springframework.test.context.jdbc.SqlScriptsTestExecutionListener@42144ab9, org.springframework.security.test.context.support.WithSecurityContextTestExecutionListener@7b334c4f, org.springframework.security.test.context.support.ReactorContextTestExecutionListener@303b0dc0, org.springframework.boot.test.autoconfigure.restdocs.RestDocsTestExecutionListener@21659ec7, org.springframework.boot.test.autoconfigure.web.client.MockRestServiceServerResetTestExecutionListener@414459d0, org.springframework.boot.test.autoconfigure.web.servlet.MockMvcPrintOnlyOnFailureTestExecutionListener@20f43483, org.springframework.boot.test.autoconfigure.web.servlet.WebDriverTestExecutionListener@48497850, org.springframework.boot.test.mock.mockito.ResetMocksTestExecutionListener@45d74438]
]]></system-out>
  <system-err><![CDATA[]]></system-err>
</testsuite>
