<?xml version="1.0" encoding="UTF-8"?>
<testsuite name="com.shininghyunho.board.controller.ProfileControllerUnitTest" tests="1" skipped="0" failures="0" errors="0" timestamp="2021-08-24T07:42:48" hostname="HYUNHO-DESKTOP" time="0.001">
  <properties/>
  <testcase name="real_profile이_조회된다" classname="com.shininghyunho.board.controller.ProfileControllerUnitTest" time="0.001"/>
  <system-out><![CDATA[]]></system-out>
  <system-err><![CDATA[]]></system-err>
</testsuite>
