<?xml version="1.0" encoding="UTF-8"?>
<testsuite name="com.shininghyunho.board.controller.IndexControllerTest" tests="2" skipped="0" failures="0" errors="0" timestamp="2021-08-27T16:39:42" hostname="DESKTOP-MBQ9JMU" time="0.687">
  <properties/>
  <testcase name="메인페이지_로딩" classname="com.shininghyunho.board.controller.IndexControllerTest" time="0.398"/>
  <testcase name="조회수증가" classname="com.shininghyunho.board.controller.IndexControllerTest" time="0.288"/>
  <system-out><![CDATA[01:39:35.463 [Test worker] DEBUG org.springframework.test.context.junit4.SpringJUnit4ClassRunner - SpringJUnit4ClassRunner constructor called with [class com.shininghyunho.board.controller.IndexControllerTest]
01:39:35.470 [Test worker] DEBUG org.springframework.test.context.BootstrapUtils - Instantiating CacheAwareContextLoaderDelegate from class [org.springframework.test.context.cache.DefaultCacheAwareContextLoaderDelegate]
01:39:35.478 [Test worker] DEBUG org.springframework.test.context.BootstrapUtils - Instantiating BootstrapContext using constructor [public org.springframework.test.context.support.DefaultBootstrapContext(java.lang.Class,org.springframework.test.context.CacheAwareContextLoaderDelegate)]
01:39:35.494 [Test worker] DEBUG org.springframework.test.context.BootstrapUtils - Instantiating TestContextBootstrapper for test class [com.shininghyunho.board.controller.IndexControllerTest] from class [org.springframework.boot.test.context.SpringBootTestContextBootstrapper]
01:39:35.505 [Test worker] INFO org.springframework.boot.test.context.SpringBootTestContextBootstrapper - Neither @ContextConfiguration nor @ContextHierarchy found for test class [com.shininghyunho.board.controller.IndexControllerTest], using SpringBootContextLoader
01:39:35.508 [Test worker] DEBUG org.springframework.test.context.support.AbstractContextLoader - Did not detect default resource location for test class [com.shininghyunho.board.controller.IndexControllerTest]: class path resource [com/shininghyunho/board/controller/IndexControllerTest-context.xml] does not exist
01:39:35.509 [Test worker] DEBUG org.springframework.test.context.support.AbstractContextLoader - Did not detect default resource location for test class [com.shininghyunho.board.controller.IndexControllerTest]: class path resource [com/shininghyunho/board/controller/IndexControllerTestContext.groovy] does not exist
01:39:35.509 [Test worker] INFO org.springframework.test.context.support.AbstractContextLoader - Could not detect default resource locations for test class [com.shininghyunho.board.controller.IndexControllerTest]: no resource found for suffixes {-context.xml, Context.groovy}.
01:39:35.509 [Test worker] INFO org.springframework.test.context.support.AnnotationConfigContextLoaderUtils - Could not detect default configuration classes for test class [com.shininghyunho.board.controller.IndexControllerTest]: IndexControllerTest does not declare any static, non-private, non-final, nested classes annotated with @Configuration.
01:39:35.549 [Test worker] DEBUG org.springframework.test.context.support.ActiveProfilesUtils - Could not find an 'annotation declaring class' for annotation type [org.springframework.test.context.ActiveProfiles] and class [com.shininghyunho.board.controller.IndexControllerTest]
01:39:35.630 [Test worker] DEBUG org.springframework.context.annotation.ClassPathScanningCandidateComponentProvider - Identified candidate component class: file [C:\Users\User\Documents\Github\chaegang-board\build\classes\java\main\com\shininghyunho\board\Application.class]
01:39:35.631 [Test worker] INFO org.springframework.boot.test.context.SpringBootTestContextBootstrapper - Found @SpringBootConfiguration com.shininghyunho.board.Application for test class com.shininghyunho.board.controller.IndexControllerTest
01:39:35.743 [Test worker] DEBUG org.springframework.boot.test.context.SpringBootTestContextBootstrapper - @TestExecutionListeners is not present for class [com.shininghyunho.board.controller.IndexControllerTest]: using defaults.
01:39:35.744 [Test worker] INFO org.springframework.boot.test.context.SpringBootTestContextBootstrapper - Loaded default TestExecutionListener class names from location [META-INF/spring.factories]: [org.springframework.security.test.context.support.WithSecurityContextTestExecutionListener, org.springframework.security.test.context.support.ReactorContextTestExecutionListener, org.springframework.boot.test.autoconfigure.restdocs.RestDocsTestExecutionListener, org.springframework.boot.test.autoconfigure.web.client.MockRestServiceServerResetTestExecutionListener, org.springframework.boot.test.autoconfigure.web.servlet.MockMvcPrintOnlyOnFailureTestExecutionListener, org.springframework.boot.test.autoconfigure.web.servlet.WebDriverTestExecutionListener, org.springframework.boot.test.mock.mockito.MockitoTestExecutionListener, org.springframework.boot.test.mock.mockito.ResetMocksTestExecutionListener, org.springframework.test.context.web.ServletTestExecutionListener, org.springframework.test.context.support.DirtiesContextBeforeModesTestExecutionListener, org.springframework.test.context.support.DependencyInjectionTestExecutionListener, org.springframework.test.context.support.DirtiesContextTestExecutionListener, org.springframework.test.context.transaction.TransactionalTestExecutionListener, org.springframework.test.context.jdbc.SqlScriptsTestExecutionListener]
01:39:35.768 [Test worker] INFO org.springframework.boot.test.context.SpringBootTestContextBootstrapper - Using TestExecutionListeners: [org.springframework.test.context.web.ServletTestExecutionListener@6c3d558c, org.springframework.test.context.support.DirtiesContextBeforeModesTestExecutionListener@264d471a, org.springframework.boot.test.mock.mockito.MockitoTestExecutionListener@617eabfc, org.springframework.boot.test.autoconfigure.SpringBootDependencyInjectionTestExecutionListener@91c470b, org.springframework.test.context.support.DirtiesContextTestExecutionListener@f8bf291, org.springframework.test.context.transaction.TransactionalTestExecutionListener@43b201ed, org.springframework.test.context.jdbc.SqlScriptsTestExecutionListener@5787732c, org.springframework.security.test.context.support.WithSecurityContextTestExecutionListener@3cc852c8, org.springframework.security.test.context.support.ReactorContextTestExecutionListener@6c0720ba, org.springframework.boot.test.autoconfigure.restdocs.RestDocsTestExecutionListener@3fe9f9be, org.springframework.boot.test.autoconfigure.web.client.MockRestServiceServerResetTestExecutionListener@531bf37c, org.springframework.boot.test.autoconfigure.web.servlet.MockMvcPrintOnlyOnFailureTestExecutionListener@2dbba5c5, org.springframework.boot.test.autoconfigure.web.servlet.WebDriverTestExecutionListener@78ec5238, org.springframework.boot.test.mock.mockito.ResetMocksTestExecutionListener@8b87092]
01:39:35.772 [Test worker] DEBUG org.springframework.test.annotation.ProfileValueUtils - Retrieved @ProfileValueSourceConfiguration [null] for test class [com.shininghyunho.board.controller.IndexControllerTest]
01:39:35.772 [Test worker] DEBUG org.springframework.test.annotation.ProfileValueUtils - Retrieved ProfileValueSource type [class org.springframework.test.annotation.SystemProfileValueSource] for class [com.shininghyunho.board.controller.IndexControllerTest]
01:39:35.774 [Test worker] DEBUG org.springframework.test.annotation.ProfileValueUtils - Retrieved @ProfileValueSourceConfiguration [null] for test class [com.shininghyunho.board.controller.IndexControllerTest]
01:39:35.774 [Test worker] DEBUG org.springframework.test.annotation.ProfileValueUtils - Retrieved ProfileValueSource type [class org.springframework.test.annotation.SystemProfileValueSource] for class [com.shininghyunho.board.controller.IndexControllerTest]
01:39:35.775 [Test worker] DEBUG org.springframework.test.annotation.ProfileValueUtils - Retrieved @ProfileValueSourceConfiguration [null] for test class [com.shininghyunho.board.controller.IndexControllerTest]
01:39:35.775 [Test worker] DEBUG org.springframework.test.annotation.ProfileValueUtils - Retrieved ProfileValueSource type [class org.springframework.test.annotation.SystemProfileValueSource] for class [com.shininghyunho.board.controller.IndexControllerTest]
01:39:35.779 [Test worker] DEBUG org.springframework.test.context.support.AbstractDirtiesContextTestExecutionListener - Before test class: context [DefaultTestContext@7ad8c636 testClass = IndexControllerTest, testInstance = [null], testMethod = [null], testException = [null], mergedContextConfiguration = [WebMergedContextConfiguration@12dc6117 testClass = IndexControllerTest, locations = '{}', classes = '{class com.shininghyunho.board.Application}', contextInitializerClasses = '[]', activeProfiles = '{}', propertySourceLocations = '{}', propertySourceProperties = '{org.springframework.boot.test.context.SpringBootTestContextBootstrapper=true, server.port=0}', contextCustomizers = set[org.springframework.boot.test.autoconfigure.properties.PropertyMappingContextCustomizer@0, org.springframework.boot.test.autoconfigure.web.servlet.WebDriverContextCustomizerFactory$Customizer@7d6983a1, org.springframework.boot.test.context.filter.ExcludeFilterContextCustomizer@38a1a76, org.springframework.boot.test.json.DuplicateJsonObjectContextCustomizerFactory$DuplicateJsonObjectContextCustomizer@7f3f4e5f, org.springframework.boot.test.mock.mockito.MockitoContextCustomizer@0, org.springframework.boot.test.web.client.TestRestTemplateContextCustomizer@1ca8a972], resourceBasePath = 'src/main/webapp', contextLoader = 'org.springframework.boot.test.context.SpringBootContextLoader', parent = [null]], attributes = map['org.springframework.test.context.web.ServletTestExecutionListener.activateListener' -> false]], class annotated with @DirtiesContext [false] with mode [null].
01:39:35.779 [Test worker] DEBUG org.springframework.test.annotation.ProfileValueUtils - Retrieved @ProfileValueSourceConfiguration [null] for test class [com.shininghyunho.board.controller.IndexControllerTest]
01:39:35.779 [Test worker] DEBUG org.springframework.test.annotation.ProfileValueUtils - Retrieved ProfileValueSource type [class org.springframework.test.annotation.SystemProfileValueSource] for class [com.shininghyunho.board.controller.IndexControllerTest]
01:39:35.783 [Test worker] DEBUG org.springframework.test.context.support.DependencyInjectionTestExecutionListener - Performing dependency injection for test context [[DefaultTestContext@7ad8c636 testClass = IndexControllerTest, testInstance = com.shininghyunho.board.controller.IndexControllerTest@7849ab96, testMethod = [null], testException = [null], mergedContextConfiguration = [WebMergedContextConfiguration@12dc6117 testClass = IndexControllerTest, locations = '{}', classes = '{class com.shininghyunho.board.Application}', contextInitializerClasses = '[]', activeProfiles = '{}', propertySourceLocations = '{}', propertySourceProperties = '{org.springframework.boot.test.context.SpringBootTestContextBootstrapper=true, server.port=0}', contextCustomizers = set[org.springframework.boot.test.autoconfigure.properties.PropertyMappingContextCustomizer@0, org.springframework.boot.test.autoconfigure.web.servlet.WebDriverContextCustomizerFactory$Customizer@7d6983a1, org.springframework.boot.test.context.filter.ExcludeFilterContextCustomizer@38a1a76, org.springframework.boot.test.json.DuplicateJsonObjectContextCustomizerFactory$DuplicateJsonObjectContextCustomizer@7f3f4e5f, org.springframework.boot.test.mock.mockito.MockitoContextCustomizer@0, org.springframework.boot.test.web.client.TestRestTemplateContextCustomizer@1ca8a972], resourceBasePath = 'src/main/webapp', contextLoader = 'org.springframework.boot.test.context.SpringBootContextLoader', parent = [null]], attributes = map['org.springframework.test.context.web.ServletTestExecutionListener.activateListener' -> false]]].
01:39:35.801 [Test worker] DEBUG org.springframework.test.context.support.TestPropertySourceUtils - Adding inlined properties to environment: {spring.jmx.enabled=false, org.springframework.boot.test.context.SpringBootTestContextBootstrapper=true, server.port=0}

  .   ____          _            __ _ _
 /\\ / ___'_ __ _ _(_)_ __  __ _ \ \ \ \
( ( )\___ | '_ | '_| | '_ \/ _` | \ \ \ \
 \\/  ___)| |_)| | | | | || (_| |  ) ) ) )
  '  |____| .__|_| |_|_| |_\__, | / / / /
 =========|_|==============|___/=/_/_/_/
 :: Spring Boot ::        (v2.1.7.RELEASE)

2021-08-28 01:39:36.054  INFO 16008 --- [    Test worker] c.s.b.controller.IndexControllerTest     : Starting IndexControllerTest on DESKTOP-MBQ9JMU with PID 16008 (started by User in C:\Users\User\Documents\Github\chaegang-board)
2021-08-28 01:39:36.056  INFO 16008 --- [    Test worker] c.s.b.controller.IndexControllerTest     : No active profile set, falling back to default profiles: default
2021-08-28 01:39:36.850  INFO 16008 --- [    Test worker] .s.d.r.c.RepositoryConfigurationDelegate : Bootstrapping Spring Data repositories in DEFAULT mode.
2021-08-28 01:39:36.928  INFO 16008 --- [    Test worker] .s.d.r.c.RepositoryConfigurationDelegate : Finished Spring Data repository scanning in 70ms. Found 2 repository interfaces.
2021-08-28 01:39:37.433  INFO 16008 --- [    Test worker] trationDelegate$BeanPostProcessorChecker : Bean 'org.springframework.transaction.annotation.ProxyTransactionManagementConfiguration' of type [org.springframework.transaction.annotation.ProxyTransactionManagementConfiguration$$EnhancerBySpringCGLIB$$cec9a8f7] is not eligible for getting processed by all BeanPostProcessors (for example: not eligible for auto-proxying)
2021-08-28 01:39:37.846  INFO 16008 --- [    Test worker] o.s.b.w.embedded.tomcat.TomcatWebServer  : Tomcat initialized with port(s): 0 (http)
2021-08-28 01:39:37.874  INFO 16008 --- [    Test worker] o.apache.catalina.core.StandardService   : Starting service [Tomcat]
2021-08-28 01:39:37.875  INFO 16008 --- [    Test worker] org.apache.catalina.core.StandardEngine  : Starting Servlet engine: [Apache Tomcat/9.0.22]
2021-08-28 01:39:38.007  INFO 16008 --- [    Test worker] o.a.c.c.C.[Tomcat].[localhost].[/]       : Initializing Spring embedded WebApplicationContext
2021-08-28 01:39:38.007  INFO 16008 --- [    Test worker] o.s.web.context.ContextLoader            : Root WebApplicationContext: initialization completed in 1926 ms
2021-08-28 01:39:38.293  INFO 16008 --- [    Test worker] com.zaxxer.hikari.HikariDataSource       : HikariPool-1 - Starting...
2021-08-28 01:39:38.484  INFO 16008 --- [    Test worker] com.zaxxer.hikari.HikariDataSource       : HikariPool-1 - Start completed.
2021-08-28 01:39:38.605  INFO 16008 --- [    Test worker] o.hibernate.jpa.internal.util.LogHelper  : HHH000204: Processing PersistenceUnitInfo [
	name: default
	...]
2021-08-28 01:39:38.693  INFO 16008 --- [    Test worker] org.hibernate.Version                    : HHH000412: Hibernate Core {5.3.10.Final}
2021-08-28 01:39:38.695  INFO 16008 --- [    Test worker] org.hibernate.cfg.Environment            : HHH000206: hibernate.properties not found
2021-08-28 01:39:38.869  INFO 16008 --- [    Test worker] o.hibernate.annotations.common.Version   : HCANN000001: Hibernate Commons Annotations {5.0.4.Final}
2021-08-28 01:39:39.035  INFO 16008 --- [    Test worker] org.hibernate.dialect.Dialect            : HHH000400: Using dialect: org.hibernate.dialect.MySQL5InnoDBDialect
Hibernate: drop table if exists posts
Hibernate: drop table if exists user
Hibernate: create table posts (id bigint not null auto_increment, created_date datetime, modified_date datetime, author varchar(255) not null, content TEXT not null, title varchar(500) not null, views bigint not null, primary key (id)) engine=InnoDB
Hibernate: create table user (id bigint not null auto_increment, created_date datetime, modified_date datetime, email varchar(255) not null, name varchar(255) not null, picture varchar(255), role varchar(255) not null, primary key (id)) engine=InnoDB
2021-08-28 01:39:39.765  INFO 16008 --- [    Test worker] o.h.t.schema.internal.SchemaCreatorImpl  : HHH000476: Executing import script 'org.hibernate.tool.schema.internal.exec.ScriptSourceInputNonExistentImpl@12115cae'
2021-08-28 01:39:39.768  INFO 16008 --- [    Test worker] j.LocalContainerEntityManagerFactoryBean : Initialized JPA EntityManagerFactory for persistence unit 'default'
2021-08-28 01:39:40.719  INFO 16008 --- [    Test worker] o.h.h.i.QueryTranslatorFactoryInitiator  : HHH000397: Using ASTQueryTranslatorFactory
2021-08-28 01:39:41.195  INFO 16008 --- [    Test worker] o.s.s.web.DefaultSecurityFilterChain     : Creating filter chain: any request, [org.springframework.security.web.context.request.async.WebAsyncManagerIntegrationFilter@77ca358f, org.springframework.security.web.context.SecurityContextPersistenceFilter@738742c8, org.springframework.security.web.header.HeaderWriterFilter@fdc72f3, org.springframework.security.web.authentication.logout.LogoutFilter@6dd80bba, org.springframework.security.oauth2.client.web.OAuth2AuthorizationRequestRedirectFilter@46403a4a, org.springframework.security.oauth2.client.web.OAuth2LoginAuthenticationFilter@5cbb3771, org.springframework.security.web.authentication.ui.DefaultLoginPageGeneratingFilter@5dcab718, org.springframework.security.web.authentication.ui.DefaultLogoutPageGeneratingFilter@ba70b5a, org.springframework.security.web.savedrequest.RequestCacheAwareFilter@1b21421a, org.springframework.security.web.servletapi.SecurityContextHolderAwareRequestFilter@5e0ca943, org.springframework.security.web.authentication.AnonymousAuthenticationFilter@36f0b200, org.springframework.security.web.session.SessionManagementFilter@2f3ff681, org.springframework.security.web.access.ExceptionTranslationFilter@3fa521ee, org.springframework.security.web.access.intercept.FilterSecurityInterceptor@32885041]
2021-08-28 01:39:41.591  INFO 16008 --- [    Test worker] o.s.s.concurrent.ThreadPoolTaskExecutor  : Initializing ExecutorService 'applicationTaskExecutor'
2021-08-28 01:39:41.665  WARN 16008 --- [    Test worker] aWebConfiguration$JpaWebMvcConfiguration : spring.jpa.open-in-view is enabled by default. Therefore, database queries may be performed during view rendering. Explicitly configure spring.jpa.open-in-view to disable this warning
2021-08-28 01:39:41.721  INFO 16008 --- [    Test worker] o.s.b.a.w.s.WelcomePageHandlerMapping    : Adding welcome page template: index
2021-08-28 01:39:42.139  INFO 16008 --- [    Test worker] s.a.ScheduledAnnotationBeanPostProcessor : No TaskScheduler/ScheduledExecutorService bean found for scheduled processing
2021-08-28 01:39:42.163  INFO 16008 --- [    Test worker] o.s.b.w.embedded.tomcat.TomcatWebServer  : Tomcat started on port(s): 49290 (http) with context path ''
2021-08-28 01:39:42.164  INFO 16008 --- [    Test worker] c.s.b.controller.IndexControllerTest     : Started IndexControllerTest in 6.362 seconds (JVM running for 7.397)
2021-08-28 01:39:42.246  INFO 16008 --- [    Test worker] o.a.c.c.C.[Tomcat].[localhost].[/]       : Initializing Spring TestDispatcherServlet ''
2021-08-28 01:39:42.247  INFO 16008 --- [    Test worker] o.s.t.web.servlet.TestDispatcherServlet  : Initializing Servlet ''
2021-08-28 01:39:42.265  INFO 16008 --- [    Test worker] o.s.t.web.servlet.TestDispatcherServlet  : Completed initialization in 18 ms
2021-08-28 01:39:42.356  INFO 16008 --- [o-auto-1-exec-1] o.a.c.c.C.[Tomcat].[localhost].[/]       : Initializing Spring DispatcherServlet 'dispatcherServlet'
2021-08-28 01:39:42.356  INFO 16008 --- [o-auto-1-exec-1] o.s.web.servlet.DispatcherServlet        : Initializing Servlet 'dispatcherServlet'
2021-08-28 01:39:42.360  INFO 16008 --- [o-auto-1-exec-1] o.s.web.servlet.DispatcherServlet        : Completed initialization in 4 ms
Hibernate: select posts0_.id as id1_0_, posts0_.created_date as created_2_0_, posts0_.modified_date as modified3_0_, posts0_.author as author4_0_, posts0_.content as content5_0_, posts0_.title as title6_0_, posts0_.views as views7_0_ from posts posts0_ order by posts0_.id DESC
Hibernate: select posts0_.id as id1_0_, posts0_.created_date as created_2_0_, posts0_.modified_date as modified3_0_, posts0_.author as author4_0_, posts0_.content as content5_0_, posts0_.title as title6_0_, posts0_.views as views7_0_ from posts posts0_
2021-08-28 01:39:42.583  INFO 16008 --- [    Test worker] o.a.c.c.C.[Tomcat].[localhost].[/]       : Initializing Spring TestDispatcherServlet ''
2021-08-28 01:39:42.583  INFO 16008 --- [    Test worker] o.s.t.web.servlet.TestDispatcherServlet  : Initializing Servlet ''
2021-08-28 01:39:42.587  INFO 16008 --- [    Test worker] o.s.t.web.servlet.TestDispatcherServlet  : Completed initialization in 4 ms
Hibernate: insert into posts (created_date, modified_date, author, content, title, views) values (?, ?, ?, ?, ?, ?)
Hibernate: select posts0_.id as id1_0_, posts0_.created_date as created_2_0_, posts0_.modified_date as modified3_0_, posts0_.author as author4_0_, posts0_.content as content5_0_, posts0_.title as title6_0_, posts0_.views as views7_0_ from posts posts0_
Hibernate: select posts0_.id as id1_0_0_, posts0_.created_date as created_2_0_0_, posts0_.modified_date as modified3_0_0_, posts0_.author as author4_0_0_, posts0_.content as content5_0_0_, posts0_.title as title6_0_0_, posts0_.views as views7_0_0_ from posts posts0_ where posts0_.id=?
Hibernate: update posts set created_date=?, modified_date=?, author=?, content=?, title=?, views=? where id=?
Hibernate: select posts0_.id as id1_0_, posts0_.created_date as created_2_0_, posts0_.modified_date as modified3_0_, posts0_.author as author4_0_, posts0_.content as content5_0_, posts0_.title as title6_0_, posts0_.views as views7_0_ from posts posts0_
before views : 0
after views : 1
Hibernate: select posts0_.id as id1_0_, posts0_.created_date as created_2_0_, posts0_.modified_date as modified3_0_, posts0_.author as author4_0_, posts0_.content as content5_0_, posts0_.title as title6_0_, posts0_.views as views7_0_ from posts posts0_
Hibernate: delete from posts where id=?
]]></system-out>
  <system-err><![CDATA[]]></system-err>
</testsuite>
